<?xml version="1.0" encoding="UTF-8"?>
<!-- Generated by org.testng.reporters.JUnitReportReporter -->
<testsuite hostname="DESKTOP-KHFPL78" failures="0" tests="1" name="Feb_27.ActionsDemo" time="5.416" errors="0" timestamp="2025-02-27T01:39:17 PST" skipped="0">
  <testcase classname="Feb_27.ActionsDemo" name="Keyboard" time="5.416"/>
</testsuite> <!-- Feb_27.ActionsDemo -->
