<?xml version="1.0" encoding="UTF-8"?>
<!-- Generated by org.testng.reporters.JUnitReportReporter -->
<testsuite hostname="DESKTOP-KHFPL78" failures="0" tests="4" name="Feb_28.GroupDemo" time="0.099" errors="0" timestamp="2025-02-28T01:42:48 PST" skipped="0">
  <testcase classname="Feb_28.GroupDemo" name="A" time="0.025"/>
  <testcase classname="Feb_28.GroupDemo" name="B" time="0.025"/>
  <testcase classname="Feb_28.GroupDemo" name="D" time="0.024"/>
  <testcase classname="Feb_28.GroupDemo" name="C" time="0.025"/>
</testsuite> <!-- Feb_28.GroupDemo -->
