<?xml version="1.0" encoding="UTF-8"?>
<!-- Generated by org.testng.reporters.JUnitReportReporter -->
<testsuite hostname="DESKTOP-KHFPL78" failures="2" tests="6" name="com.JpetstoreRunner.RegistrationRunner" time="74.000" errors="0" timestamp="2025-03-21T00:04:11 PDT" skipped="0">
  <testcase classname="com.JpetstoreRunner.RegistrationRunner" name="runScenario" time="15.069">
    <failure message="expected [true] but found [false]" type="java.lang.AssertionError">
      <![CDATA[java.lang.AssertionError: expected [true] but found [false]
at org.testng.Assert.fail(Assert.java:111)
at org.testng.Assert.failNotEquals(Assert.java:1578)
at org.testng.Assert.assertTrue(Assert.java:57)
at org.testng.Assert.assertTrue(Assert.java:67)
at com.StepDefinition.RegistrationpageStepCode.i_click_password_recovery_link(RegistrationpageStepCode.java:89)
at ✽.I click password recovery link(file:///C:/Users/Administrator/eclipse-workspace/com.Jpetstore/src/test/resources/Features/Registration.feature:52)
]]>
    </failure>
  </testcase> <!-- runScenario -->
  <testcase classname="com.JpetstoreRunner.RegistrationRunner" name="runScenario" time="5.836"/>
  <testcase classname="com.JpetstoreRunner.RegistrationRunner" name="runScenario" time="7.053"/>
  <testcase classname="com.JpetstoreRunner.RegistrationRunner" name="runScenario" time="23.268">
    <failure message="expected [true] but found [false]" type="java.lang.AssertionError">
      <![CDATA[java.lang.AssertionError: expected [true] but found [false]
at org.testng.Assert.fail(Assert.java:111)
at org.testng.Assert.failNotEquals(Assert.java:1578)
at org.testng.Assert.assertTrue(Assert.java:57)
at org.testng.Assert.assertTrue(Assert.java:67)
at com.StepDefinition.RegistrationpageStepCode.its_navigate_to_home_page(RegistrationpageStepCode.java:52)
at ✽.I verify account is created(file:///C:/Users/Administrator/eclipse-workspace/com.Jpetstore/src/test/resources/Features/Registration.feature:12)
]]>
    </failure>
  </testcase> <!-- runScenario -->
  <testcase classname="com.JpetstoreRunner.RegistrationRunner" name="runScenario" time="6.222"/>
  <testcase classname="com.JpetstoreRunner.RegistrationRunner" name="runScenario" time="16.552"/>
</testsuite> <!-- com.JpetstoreRunner.RegistrationRunner -->
