<?xml version="1.0" encoding="UTF-8"?>
<!-- Generated by org.testng.reporters.JUnitReportReporter -->
<testsuite hostname="DESKTOP-KHFPL78" failures="0" tests="2" name="Feb_28.AnnotationExample" time="10.306" errors="0" timestamp="2025-02-27T23:02:12 PST" skipped="0">
  <testcase classname="Feb_28.AnnotationExample" name="login" time="5.316"/>
  <testcase classname="Feb_28.AnnotationExample" name="account" time="4.990"/>
</testsuite> <!-- Feb_28.AnnotationExample -->
