<?xml version="1.0" encoding="UTF-8"?>
<!-- Generated by org.testng.reporters.JUnitReportReporter -->
<testsuite hostname="DESKTOP-KHFPL78" failures="0" tests="4" name="Feb_28.ParallelDemo" time="0.099" errors="0" timestamp="2025-02-28T01:40:13 PST" skipped="0">
  <testcase classname="Feb_28.ParallelDemo" name="B" time="0.026"/>
  <testcase classname="Feb_28.ParallelDemo" name="A" time="0.027"/>
  <testcase classname="Feb_28.ParallelDemo" name="D" time="0.021"/>
  <testcase classname="Feb_28.ParallelDemo" name="C" time="0.025"/>
</testsuite> <!-- Feb_28.ParallelDemo -->
