<?xml version="1.0" encoding="UTF-8"?>
<!-- Generated by org.testng.reporters.JUnitReportReporter -->
<testsuite hostname="DESKTOP-KHFPL78" failures="0" tests="1" name="Feb_27.Example" time="22.566" errors="0" timestamp="2025-02-27T03:29:23 PST" skipped="0">
  <testcase classname="Feb_27.Example" name="doubleClick" time="22.566"/>
</testsuite> <!-- Feb_27.Example -->
