<?xml version="1.0" encoding="UTF-8"?>
<!-- Generated by org.testng.reporters.JUnitReportReporter -->
<testsuite hostname="DESKTOP-KHFPL78" failures="0" tests="1" name="Feb_25.App" time="13.468" errors="0" timestamp="2025-02-26T06:16:21 PST" skipped="0">
  <testcase classname="Feb_25.App" name="windowAlertDemo" time="13.468"/>
</testsuite> <!-- Feb_25.App -->
