<?xml version="1.0" encoding="UTF-8"?>
<!-- Generated by org.testng.reporters.JUnitReportReporter -->
<testsuite hostname="DESKTOP-KHFPL78" failures="0" tests="1" name="Feb_25.ScreenDemo" time="5.974" errors="0" timestamp="2025-02-25T22:57:45 PST" skipped="0">
  <testcase classname="Feb_25.ScreenDemo" name="verifyScreen" time="5.974"/>
</testsuite> <!-- Feb_25.ScreenDemo -->
