<?xml version="1.0" encoding="UTF-8"?>
<!-- Generated by org.testng.reporters.JUnitReportReporter -->
<testsuite hostname="DESKTOP-KHFPL78" failures="0" tests="4" name="Feb_28.ParallelExample" time="0.082" errors="0" timestamp="2025-02-28T01:48:17 PST" skipped="0">
  <testcase classname="Feb_28.ParallelExample" name="A" time="0.026"/>
  <testcase classname="Feb_28.ParallelExample" name="C" time="0.027"/>
  <testcase classname="Feb_28.ParallelExample" name="B" time="0.026"/>
  <testcase classname="Feb_28.ParallelExample" name="D" time="0.003"/>
</testsuite> <!-- Feb_28.ParallelExample -->
