<?xml version="1.0" encoding="UTF-8"?>
<!-- Generated by org.testng.reporters.JUnitReportReporter -->
<testsuite hostname="DESKTOP-KHFPL78" failures="0" tests="1" name="Feb_28.BrowserSelect" time="11.315" errors="0" timestamp="2025-02-28T03:10:56 PST" skipped="0">
  <testcase classname="Feb_28.BrowserSelect" name="getBrowser" time="11.315"/>
</testsuite> <!-- Feb_28.BrowserSelect -->
