<?xml version="1.0" encoding="UTF-8"?>
<!-- Generated by org.testng.reporters.JUnitReportReporter -->
<testsuite hostname="DESKTOP-KHFPL78" failures="0" tests="4" name="Task.FacebookApp" time="20.729" errors="0" timestamp="2025-02-28T23:18:37 PST" skipped="0">
  <testcase classname="Task.FacebookApp" name="loginTc" time="4.362"/>
  <testcase classname="Task.FacebookApp" name="loginTc" time="4.364"/>
  <testcase classname="Task.FacebookApp" name="loginTc" time="5.188"/>
  <testcase classname="Task.FacebookApp" name="verifyForgetpwd" time="6.815"/>
</testsuite> <!-- Task.FacebookApp -->
