<?xml version="1.0" encoding="UTF-8"?>
<!-- Generated by org.testng.reporters.JUnitReportReporter -->
<testsuite hostname="DESKTOP-KHFPL78" failures="0" tests="4" name="March_3.FacebookAppDemo" time="20.361" errors="0" timestamp="2025-03-02T20:53:36 PST" skipped="0">
  <testcase classname="March_3.FacebookAppDemo" name="loginTc" time="6.881"/>
  <testcase classname="March_3.FacebookAppDemo" name="loginTc" time="4.291"/>
  <testcase classname="March_3.FacebookAppDemo" name="loginTc" time="4.191"/>
  <testcase classname="March_3.FacebookAppDemo" name="loginTc" time="4.998"/>
</testsuite> <!-- March_3.FacebookAppDemo -->
