<?xml version="1.0" encoding="UTF-8"?>
<!-- Generated by org.testng.reporters.JUnitReportReporter -->
<testsuite hostname="DESKTOP-KHFPL78" failures="0" tests="1" name="com.JpetstoreRunner.SearchRunner" time="25.652" errors="0" timestamp="2025-03-20T23:20:16 PDT" skipped="0">
  <testcase classname="com.JpetstoreRunner.SearchRunner" name="runScenario" time="25.652"/>
</testsuite> <!-- com.JpetstoreRunner.SearchRunner -->
