<?xml version="1.0" encoding="UTF-8"?>
<!-- Generated by org.testng.reporters.JUnitReportReporter -->
<testsuite hostname="DESKTOP-KHFPL78" failures="0" tests="6" name="Feb_28.DataproviderDemo" time="13.039" errors="0" timestamp="2025-02-28T03:49:23 PST" skipped="0">
  <testcase classname="Feb_28.DataproviderDemo" name="f2" time="5.101"/>
  <testcase classname="Feb_28.DataproviderDemo" name="f2" time="3.882"/>
  <testcase classname="Feb_28.DataproviderDemo" name="f2" time="0.008"/>
  <testcase classname="Feb_28.DataproviderDemo" name="f2" time="0.002"/>
  <testcase classname="Feb_28.DataproviderDemo" name="f2" time="0.004"/>
  <testcase classname="Feb_28.DataproviderDemo" name="f2" time="4.042"/>
</testsuite> <!-- Feb_28.DataproviderDemo -->
