<?xml version="1.0" encoding="UTF-8"?>
<!-- Generated by org.testng.reporters.JUnitReportReporter -->
<testsuite hostname="DESKTOP-KHFPL78" failures="0" tests="1" name="Runner.RunnerTestCase" time="5.178" errors="0" timestamp="2025-03-14T20:30:43 PDT" skipped="0">
  <testcase classname="Runner.RunnerTestCase" name="runScenario" time="5.178"/>
</testsuite> <!-- Runner.RunnerTestCase -->
