<?xml version="1.0" encoding="UTF-8"?>
<!-- Generated by org.testng.reporters.JUnitReportReporter -->
<testsuite hostname="DESKTOP-KHFPL78" failures="0" tests="1" name="Feb_28.AnnotationDemo" time="0.014" errors="0" timestamp="2025-02-28T01:05:19 PST" skipped="0">
  <testcase classname="Feb_28.AnnotationDemo" name="Tc" time="0.014"/>
</testsuite> <!-- Feb_28.AnnotationDemo -->
